This is pdfTeX, Version 3.1415926-2.5-1.40.14 (TeX Live 2013/Debian) (format=latex 2014.5.31)  11 OCT 2014 12:21
entering extended mode
 restricted \write18 enabled.
 %&-line parsing enabled.
**madj.cpp
(./madj.cpp
LaTeX2e <2011/06/27>
Babel <3.9h> and hyphenation patterns for 78 languages loaded.
! You can't use `macro parameter character #' in vertical mode.
l.1 #
     include "../lib/basic.hpp"
? X
 
Here is how much of TeX's memory you used:
 7 strings out of 493305
 137 string characters out of 6139897
 51877 words of memory out of 5000000
 3564 multiletter control sequences out of 15000+600000
 3640 words of font info for 14 fonts, out of 8000000 for 9000
 957 hyphenation exceptions out of 8191
 5i,0n,1p,40b,8s stack positions out of 5000i,500n,10000p,200000b,80000s
No pages of output.
