   1              		.file	"syscalls.c"
   3              		.text
   4              	.Ltext0:
 123              		.align	2
 129              		.global	_read_r
 131              	_read_r:
   1:syscalls.c    **** /***********************************************************************/
   2:syscalls.c    **** /*                                                                     */
   3:syscalls.c    **** /*  SYSCALLS.C:  System Calls Remapping                                */
   4:syscalls.c    **** /*  most of this is from newlib-lpc and a Keil-demo                    */
   5:syscalls.c    **** /*                                                                     */
   6:syscalls.c    **** /*  these are "reentrant functions" as needed by                       */
   7:syscalls.c    **** /*  the WinARM-newlib-config, see newlib-manual                        */
   8:syscalls.c    **** /*  collected and modified by Martin Thomas                            */
   9:syscalls.c    **** /*  some more work has to be done on this		                       */
  10:syscalls.c    **** /***********************************************************************/
  11:syscalls.c    **** 
  12:syscalls.c    **** #include <stdlib.h>
  13:syscalls.c    **** #include <reent.h>
  14:syscalls.c    **** #include <sys/stat.h>
  15:syscalls.c    **** #include "uart.h"
  16:syscalls.c    **** 
  17:syscalls.c    **** // new code for _read_r provided by Alexey Shusharin - Thanks
  18:syscalls.c    **** _ssize_t _read_r(struct _reent *r, int file, void *ptr, size_t len)
  19:syscalls.c    **** {
 133              	.LM0:
 134              		@ Function supports interworking.
 135              		@ args = 0, pretend = 0, frame = 32
 136              		@ frame_needed = 1, uses_anonymous_args = 0
 137 0000 0DC0A0E1 		mov	ip, sp
 138 0004 00D82DE9 		stmfd	sp!, {fp, ip, lr, pc}
 139 0008 04B04CE2 		sub	fp, ip, #4
 140 000c 20D04DE2 		sub	sp, sp, #32
 141 0010 1C000BE5 		str	r0, [fp, #-28]
 142 0014 20100BE5 		str	r1, [fp, #-32]
 143 0018 24200BE5 		str	r2, [fp, #-36]
 144 001c 28300BE5 		str	r3, [fp, #-40]
  20:syscalls.c    ****   char c;
  21:syscalls.c    ****   int  i;
  22:syscalls.c    ****   unsigned char *p;
  23:syscalls.c    **** 
  24:syscalls.c    ****   p = (unsigned char*)ptr;
 146              	.LM1:
 147 0020 24301BE5 		ldr	r3, [fp, #-36]
 148 0024 10300BE5 		str	r3, [fp, #-16]
  25:syscalls.c    **** 
  26:syscalls.c    ****   for (i = 0; i < len; i++)
 150              	.LM2:
 151 0028 0030A0E3 		mov	r3, #0
 152 002c 14300BE5 		str	r3, [fp, #-20]
 153 0030 1F0000EA 		b	.L2
 154              	.L3:
  27:syscalls.c    ****   {
  28:syscalls.c    ****     c = UARTReadChar();
 156              	.LM3:
 157 0034 FEFFFFEB 		bl	UARTReadChar
 158 0038 0030A0E1 		mov	r3, r0
 159 003c 15304BE5 		strb	r3, [fp, #-21]
  29:syscalls.c    **** 
  30:syscalls.c    ****     *p++ = c;
 161              	.LM4:
 162 0040 10201BE5 		ldr	r2, [fp, #-16]
 163 0044 15305BE5 		ldrb	r3, [fp, #-21]
 164 0048 0030C2E5 		strb	r3, [r2, #0]
 165 004c 10301BE5 		ldr	r3, [fp, #-16]
 166 0050 013083E2 		add	r3, r3, #1
 167 0054 10300BE5 		str	r3, [fp, #-16]
  31:syscalls.c    ****     UARTWriteChar(c);
 169              	.LM5:
 170 0058 15305BE5 		ldrb	r3, [fp, #-21]	@ zero_extendqisi2
 171 005c 0300A0E1 		mov	r0, r3
 172 0060 FEFFFFEB 		bl	UARTWriteChar
  32:syscalls.c    **** 
  33:syscalls.c    ****     if (c == 0x0D && i <= (len - 2))
 174              	.LM6:
 175 0064 15305BE5 		ldrb	r3, [fp, #-21]	@ zero_extendqisi2
 176 0068 0D0053E3 		cmp	r3, #13
 177 006c 0D00001A 		bne	.L4
 178 0070 14301BE5 		ldr	r3, [fp, #-20]
 179 0074 28201BE5 		ldr	r2, [fp, #-40]
 180 0078 022042E2 		sub	r2, r2, #2
 181 007c 020053E1 		cmp	r3, r2
 182 0080 0800008A 		bhi	.L4
  34:syscalls.c    ****     {
  35:syscalls.c    ****       *p = 0x0A;
 184              	.LM7:
 185 0084 10201BE5 		ldr	r2, [fp, #-16]
 186 0088 0A30A0E3 		mov	r3, #10
 187 008c 0030C2E5 		strb	r3, [r2, #0]
  36:syscalls.c    ****       UARTWriteChar(0x0A);
 189              	.LM8:
 190 0090 0A00A0E3 		mov	r0, #10
 191 0094 FEFFFFEB 		bl	UARTWriteChar
  37:syscalls.c    ****       return i + 2;
 193              	.LM9:
 194 0098 14301BE5 		ldr	r3, [fp, #-20]
 195 009c 023083E2 		add	r3, r3, #2
 196 00a0 2C300BE5 		str	r3, [fp, #-44]
 197 00a4 080000EA 		b	.L7
 198              	.L4:
  26:syscalls.c    ****   for (i = 0; i < len; i++)
 200              	.LM10:
 201 00a8 14301BE5 		ldr	r3, [fp, #-20]
 202 00ac 013083E2 		add	r3, r3, #1
 203 00b0 14300BE5 		str	r3, [fp, #-20]
 204              	.L2:
 205 00b4 14201BE5 		ldr	r2, [fp, #-20]
 206 00b8 28301BE5 		ldr	r3, [fp, #-40]
 207 00bc 030052E1 		cmp	r2, r3
 208 00c0 DBFFFF3A 		bcc	.L3
  38:syscalls.c    ****     }
  39:syscalls.c    ****   }
  40:syscalls.c    ****   return i;
 210              	.LM11:
 211 00c4 14301BE5 		ldr	r3, [fp, #-20]
 212 00c8 2C300BE5 		str	r3, [fp, #-44]
 213              	.L7:
 214 00cc 2C301BE5 		ldr	r3, [fp, #-44]
  41:syscalls.c    **** }
 216              	.LM12:
 217 00d0 0300A0E1 		mov	r0, r3
 218 00d4 0CD04BE2 		sub	sp, fp, #12
 219 00d8 00689DE8 		ldmfd	sp, {fp, sp, lr}
 220 00dc 1EFF2FE1 		bx	lr
 227              	.Lscope0:
 228              		.align	2
 234              		.global	_write_r
 236              	_write_r:
  42:syscalls.c    **** 
  43:syscalls.c    **** 
  44:syscalls.c    **** #if 0
  45:syscalls.c    **** // old version - no longer in use
  46:syscalls.c    **** _ssize_t _read_r(
  47:syscalls.c    ****     struct _reent *r, 
  48:syscalls.c    ****     int file, 
  49:syscalls.c    ****     void *ptr, 
  50:syscalls.c    ****     size_t len)
  51:syscalls.c    **** {
  52:syscalls.c    **** 	char c;
  53:syscalls.c    **** 	int  i;
  54:syscalls.c    **** 	unsigned char *p;
  55:syscalls.c    **** 	
  56:syscalls.c    **** 	p = (unsigned char*)ptr;
  57:syscalls.c    **** 	
  58:syscalls.c    **** 	for (i = 0; i < len; i++) {
  59:syscalls.c    **** 		// c = uart0Getch();
  60:syscalls.c    **** 		c = UARTReadChar();
  61:syscalls.c    **** 		if (c == 0x0D) {
  62:syscalls.c    **** 			*p='\0';
  63:syscalls.c    **** 			break;
  64:syscalls.c    **** 		}
  65:syscalls.c    **** 		*p++ = c;
  66:syscalls.c    **** 		UARTWriteChar(c);
  67:syscalls.c    **** 	}
  68:syscalls.c    **** 	return len - i;
  69:syscalls.c    **** }
  70:syscalls.c    **** #endif
  71:syscalls.c    **** 
  72:syscalls.c    **** _ssize_t _write_r (
  73:syscalls.c    ****     struct _reent *r, 
  74:syscalls.c    ****     int file, 
  75:syscalls.c    ****     const void *ptr, 
  76:syscalls.c    ****     size_t len)
  77:syscalls.c    **** {
 238              	.LM13:
 239              		@ Function supports interworking.
 240              		@ args = 0, pretend = 0, frame = 24
 241              		@ frame_needed = 1, uses_anonymous_args = 0
 242 00e0 0DC0A0E1 		mov	ip, sp
 243 00e4 00D82DE9 		stmfd	sp!, {fp, ip, lr, pc}
 244 00e8 04B04CE2 		sub	fp, ip, #4
 245 00ec 18D04DE2 		sub	sp, sp, #24
 246 00f0 18000BE5 		str	r0, [fp, #-24]
 247 00f4 1C100BE5 		str	r1, [fp, #-28]
 248 00f8 20200BE5 		str	r2, [fp, #-32]
 249 00fc 24300BE5 		str	r3, [fp, #-36]
  78:syscalls.c    **** 	int i;
  79:syscalls.c    **** 	const unsigned char *p;
  80:syscalls.c    **** 	
  81:syscalls.c    **** 	p = (const unsigned char*) ptr;
 251              	.LM14:
 252 0100 20301BE5 		ldr	r3, [fp, #-32]
 253 0104 10300BE5 		str	r3, [fp, #-16]
  82:syscalls.c    **** 	
  83:syscalls.c    **** 	for (i = 0; i < len; i++) {
 255              	.LM15:
 256 0108 0030A0E3 		mov	r3, #0
 257 010c 14300BE5 		str	r3, [fp, #-20]
 258 0110 100000EA 		b	.L11
 259              	.L12:
  84:syscalls.c    **** 		if (*p == '\n' ) UARTWriteChar('\r');
 261              	.LM16:
 262 0114 10301BE5 		ldr	r3, [fp, #-16]
 263 0118 0030D3E5 		ldrb	r3, [r3, #0]	@ zero_extendqisi2
 264 011c 0A0053E3 		cmp	r3, #10
 265 0120 0100001A 		bne	.L13
 266 0124 0D00A0E3 		mov	r0, #13
 267 0128 FEFFFFEB 		bl	UARTWriteChar
 268              	.L13:
  85:syscalls.c    **** 		UARTWriteChar(*p++);
 270              	.LM17:
 271 012c 10301BE5 		ldr	r3, [fp, #-16]
 272 0130 0030D3E5 		ldrb	r3, [r3, #0]	@ zero_extendqisi2
 273 0134 0320A0E1 		mov	r2, r3
 274 0138 10301BE5 		ldr	r3, [fp, #-16]
 275 013c 013083E2 		add	r3, r3, #1
 276 0140 10300BE5 		str	r3, [fp, #-16]
 277 0144 0200A0E1 		mov	r0, r2
 278 0148 FEFFFFEB 		bl	UARTWriteChar
  83:syscalls.c    **** 	for (i = 0; i < len; i++) {
 280              	.LM18:
 281 014c 14301BE5 		ldr	r3, [fp, #-20]
 282 0150 013083E2 		add	r3, r3, #1
 283 0154 14300BE5 		str	r3, [fp, #-20]
 284              	.L11:
 285 0158 14201BE5 		ldr	r2, [fp, #-20]
 286 015c 24301BE5 		ldr	r3, [fp, #-36]
 287 0160 030052E1 		cmp	r2, r3
 288 0164 EAFFFF3A 		bcc	.L12
  86:syscalls.c    **** 	}
  87:syscalls.c    **** 	
  88:syscalls.c    **** 	return len;
 290              	.LM19:
 291 0168 24301BE5 		ldr	r3, [fp, #-36]
  89:syscalls.c    **** }
 293              	.LM20:
 294 016c 0300A0E1 		mov	r0, r3
 295 0170 0CD04BE2 		sub	sp, fp, #12
 296 0174 00689DE8 		ldmfd	sp, {fp, sp, lr}
 297 0178 1EFF2FE1 		bx	lr
 303              	.Lscope1:
 304              		.align	2
 308              		.global	_close_r
 310              	_close_r:
  90:syscalls.c    **** 
  91:syscalls.c    **** int _close_r(
  92:syscalls.c    ****     struct _reent *r, 
  93:syscalls.c    ****     int file)
  94:syscalls.c    **** {
 312              	.LM21:
 313              		@ Function supports interworking.
 314              		@ args = 0, pretend = 0, frame = 8
 315              		@ frame_needed = 1, uses_anonymous_args = 0
 316 017c 0DC0A0E1 		mov	ip, sp
 317 0180 00D82DE9 		stmfd	sp!, {fp, ip, lr, pc}
 318 0184 04B04CE2 		sub	fp, ip, #4
 319 0188 08D04DE2 		sub	sp, sp, #8
 320 018c 10000BE5 		str	r0, [fp, #-16]
 321 0190 14100BE5 		str	r1, [fp, #-20]
  95:syscalls.c    **** 	return 0;
 323              	.LM22:
 324 0194 0030A0E3 		mov	r3, #0
  96:syscalls.c    **** }
 326              	.LM23:
 327 0198 0300A0E1 		mov	r0, r3
 328 019c 0CD04BE2 		sub	sp, fp, #12
 329 01a0 00689DE8 		ldmfd	sp, {fp, sp, lr}
 330 01a4 1EFF2FE1 		bx	lr
 332              	.Lscope2:
 333              		.align	2
 339              		.global	_lseek_r
 341              	_lseek_r:
  97:syscalls.c    **** 
  98:syscalls.c    **** _off_t _lseek_r(
  99:syscalls.c    ****     struct _reent *r, 
 100:syscalls.c    ****     int file, 
 101:syscalls.c    ****     _off_t ptr, 
 102:syscalls.c    ****     int dir)
 103:syscalls.c    **** {
 343              	.LM24:
 344              		@ Function supports interworking.
 345              		@ args = 0, pretend = 0, frame = 16
 346              		@ frame_needed = 1, uses_anonymous_args = 0
 347 01a8 0DC0A0E1 		mov	ip, sp
 348 01ac 00D82DE9 		stmfd	sp!, {fp, ip, lr, pc}
 349 01b0 04B04CE2 		sub	fp, ip, #4
 350 01b4 10D04DE2 		sub	sp, sp, #16
 351 01b8 10000BE5 		str	r0, [fp, #-16]
 352 01bc 14100BE5 		str	r1, [fp, #-20]
 353 01c0 18200BE5 		str	r2, [fp, #-24]
 354 01c4 1C300BE5 		str	r3, [fp, #-28]
 104:syscalls.c    **** 	return (_off_t)0;	/*  Always indicate we are at file beginning.	*/
 356              	.LM25:
 357 01c8 0030A0E3 		mov	r3, #0
 105:syscalls.c    **** }
 359              	.LM26:
 360 01cc 0300A0E1 		mov	r0, r3
 361 01d0 0CD04BE2 		sub	sp, fp, #12
 362 01d4 00689DE8 		ldmfd	sp, {fp, sp, lr}
 363 01d8 1EFF2FE1 		bx	lr
 365              	.Lscope3:
 366              		.align	2
 371              		.global	_fstat_r
 373              	_fstat_r:
 106:syscalls.c    **** 
 107:syscalls.c    **** 
 108:syscalls.c    **** int _fstat_r(
 109:syscalls.c    ****     struct _reent *r, 
 110:syscalls.c    ****     int file, 
 111:syscalls.c    ****     struct stat *st)
 112:syscalls.c    **** {
 375              	.LM27:
 376              		@ Function supports interworking.
 377              		@ args = 0, pretend = 0, frame = 12
 378              		@ frame_needed = 1, uses_anonymous_args = 0
 379 01dc 0DC0A0E1 		mov	ip, sp
 380 01e0 00D82DE9 		stmfd	sp!, {fp, ip, lr, pc}
 381 01e4 04B04CE2 		sub	fp, ip, #4
 382 01e8 0CD04DE2 		sub	sp, sp, #12
 383 01ec 10000BE5 		str	r0, [fp, #-16]
 384 01f0 14100BE5 		str	r1, [fp, #-20]
 385 01f4 18200BE5 		str	r2, [fp, #-24]
 113:syscalls.c    **** 	/*  Always set as character device.				*/
 114:syscalls.c    **** 	st->st_mode = S_IFCHR;	
 387              	.LM28:
 388 01f8 18201BE5 		ldr	r2, [fp, #-24]
 389 01fc 023AA0E3 		mov	r3, #8192
 390 0200 043082E5 		str	r3, [r2, #4]
 115:syscalls.c    **** 		/* assigned to strong type with implicit 	*/
 116:syscalls.c    **** 		/* signed/unsigned conversion.  Required by 	*/
 117:syscalls.c    **** 		/* newlib.					*/
 118:syscalls.c    **** 
 119:syscalls.c    **** 	return 0;
 392              	.LM29:
 393 0204 0030A0E3 		mov	r3, #0
 120:syscalls.c    **** }
 395              	.LM30:
 396 0208 0300A0E1 		mov	r0, r3
 397 020c 0CD04BE2 		sub	sp, fp, #12
 398 0210 00689DE8 		ldmfd	sp, {fp, sp, lr}
 399 0214 1EFF2FE1 		bx	lr
 401              	.Lscope4:
 402              		.align	2
 405              		.global	isatty
 407              	isatty:
 121:syscalls.c    **** 
 122:syscalls.c    **** int isatty(int file); /* avoid warning */
 123:syscalls.c    **** 
 124:syscalls.c    **** int isatty(int file)
 125:syscalls.c    **** {
 409              	.LM31:
 410              		@ Function supports interworking.
 411              		@ args = 0, pretend = 0, frame = 4
 412              		@ frame_needed = 1, uses_anonymous_args = 0
 413 0218 0DC0A0E1 		mov	ip, sp
 414 021c 00D82DE9 		stmfd	sp!, {fp, ip, lr, pc}
 415 0220 04B04CE2 		sub	fp, ip, #4
 416 0224 04D04DE2 		sub	sp, sp, #4
 417 0228 10000BE5 		str	r0, [fp, #-16]
 126:syscalls.c    **** 	return 1;
 419              	.LM32:
 420 022c 0130A0E3 		mov	r3, #1
 127:syscalls.c    **** }
 422              	.LM33:
 423 0230 0300A0E1 		mov	r0, r3
 424 0234 0CD04BE2 		sub	sp, fp, #12
 425 0238 00689DE8 		ldmfd	sp, {fp, sp, lr}
 426 023c 1EFF2FE1 		bx	lr
 428              	.Lscope5:
 429              		.align	2
 433              		.global	_sbrk_r
 435              	_sbrk_r:
 128:syscalls.c    **** 
 129:syscalls.c    **** #if 0
 130:syscalls.c    **** static void _exit (int n) {
 131:syscalls.c    **** label:  goto label; /* endless loop */
 132:syscalls.c    **** }
 133:syscalls.c    **** #endif 
 134:syscalls.c    **** 
 135:syscalls.c    **** /* "malloc clue function" */
 136:syscalls.c    **** 
 137:syscalls.c    **** 	/**** Locally used variables. ****/
 138:syscalls.c    **** extern char _end[];              /*  end is set in the linker command 	*/
 139:syscalls.c    **** 				/* file and is the end of statically 	*/
 140:syscalls.c    **** 				/* allocated data (thus start of heap).	*/
 141:syscalls.c    **** 
 142:syscalls.c    **** static char *heap_ptr;		/* Points to current end of the heap.	*/
 143:syscalls.c    **** 
 144:syscalls.c    **** /************************** _sbrk_r *************************************/
 145:syscalls.c    **** /*  Support function.  Adjusts end of heap to provide more memory to	*/
 146:syscalls.c    **** /* memory allocator. Simple and dumb with no sanity checks.		*/
 147:syscalls.c    **** /*  struct _reent *r	-- re-entrancy structure, used by newlib to 	*/
 148:syscalls.c    **** /*			support multiple threads of operation.		*/
 149:syscalls.c    **** /*  ptrdiff_t nbytes	-- number of bytes to add.			*/
 150:syscalls.c    **** /*  Returns pointer to start of new heap area.				*/
 151:syscalls.c    **** /*  Note:  This implementation is not thread safe (despite taking a	*/
 152:syscalls.c    **** /* _reent structure as a parameter).  					*/
 153:syscalls.c    **** /*  Since _s_r is not used in the current implementation, the following	*/
 154:syscalls.c    **** /* messages must be suppressed.						*/
 155:syscalls.c    **** 
 156:syscalls.c    **** void * _sbrk_r(
 157:syscalls.c    ****     struct _reent *_s_r, 
 158:syscalls.c    ****     ptrdiff_t nbytes)
 159:syscalls.c    **** {
 437              	.LM34:
 438              		@ Function supports interworking.
 439              		@ args = 0, pretend = 0, frame = 12
 440              		@ frame_needed = 1, uses_anonymous_args = 0
 441 0240 0DC0A0E1 		mov	ip, sp
 442 0244 00D82DE9 		stmfd	sp!, {fp, ip, lr, pc}
 443 0248 04B04CE2 		sub	fp, ip, #4
 444 024c 0CD04DE2 		sub	sp, sp, #12
 445 0250 14000BE5 		str	r0, [fp, #-20]
 446 0254 18100BE5 		str	r1, [fp, #-24]
 160:syscalls.c    **** 	char  *base;		/*  errno should be set to  ENOMEM on error	*/
 161:syscalls.c    **** 
 162:syscalls.c    **** 	if (!heap_ptr) {	/*  Initialize if first time through.		*/
 448              	.LM35:
 449 0258 4C309FE5 		ldr	r3, .L29
 450 025c 003093E5 		ldr	r3, [r3, #0]
 451 0260 000053E3 		cmp	r3, #0
 452 0264 0200001A 		bne	.L26
 163:syscalls.c    **** 		heap_ptr = _end;
 454              	.LM36:
 455 0268 3C209FE5 		ldr	r2, .L29
 456 026c 3C309FE5 		ldr	r3, .L29+4
 457 0270 003082E5 		str	r3, [r2, #0]
 458              	.L26:
 164:syscalls.c    **** 	}
 165:syscalls.c    **** 	base = heap_ptr;	/*  Point to end of heap.			*/
 460              	.LM37:
 461 0274 30309FE5 		ldr	r3, .L29
 462 0278 003093E5 		ldr	r3, [r3, #0]
 463 027c 10300BE5 		str	r3, [fp, #-16]
 166:syscalls.c    **** 	heap_ptr += nbytes;	/*  Increase heap.				*/
 465              	.LM38:
 466 0280 24309FE5 		ldr	r3, .L29
 467 0284 002093E5 		ldr	r2, [r3, #0]
 468 0288 18301BE5 		ldr	r3, [fp, #-24]
 469 028c 032082E0 		add	r2, r2, r3
 470 0290 14309FE5 		ldr	r3, .L29
 471 0294 002083E5 		str	r2, [r3, #0]
 167:syscalls.c    **** 	
 168:syscalls.c    **** 	return base;		/*  Return pointer to start of new heap area.	*/
 473              	.LM39:
 474 0298 10301BE5 		ldr	r3, [fp, #-16]
 169:syscalls.c    **** }
 476              	.LM40:
 477 029c 0300A0E1 		mov	r0, r3
 478 02a0 0CD04BE2 		sub	sp, fp, #12
 479 02a4 00689DE8 		ldmfd	sp, {fp, sp, lr}
 480 02a8 1EFF2FE1 		bx	lr
 481              	.L30:
 482              		.align	2
 483              	.L29:
 484 02ac 00000000 		.word	heap_ptr
 485 02b0 00000000 		.word	_end
 490              	.Lscope6:
 491              		.bss
 492              		.align	2
 493              	heap_ptr:
 494 0000 00000000 		.space	4
 496              		.text
 498              	.Letext0:
 499              		.ident	"GCC: (GNU) 4.1.1"
DEFINED SYMBOLS
                            *ABS*:00000000 syscalls.c
     /tmp/ccywNdAu.s:123    .text:00000000 $a
     /tmp/ccywNdAu.s:131    .text:00000000 _read_r
     /tmp/ccywNdAu.s:236    .text:000000e0 _write_r
     /tmp/ccywNdAu.s:310    .text:0000017c _close_r
     /tmp/ccywNdAu.s:341    .text:000001a8 _lseek_r
     /tmp/ccywNdAu.s:373    .text:000001dc _fstat_r
     /tmp/ccywNdAu.s:407    .text:00000218 isatty
     /tmp/ccywNdAu.s:435    .text:00000240 _sbrk_r
     /tmp/ccywNdAu.s:484    .text:000002ac $d
     /tmp/ccywNdAu.s:493    .bss:00000000 heap_ptr
     /tmp/ccywNdAu.s:492    .bss:00000000 $d

UNDEFINED SYMBOLS
UARTReadChar
UARTWriteChar
_end
